Flutter crash report.
Please report a bug at https://github.com/flutter/flutter/issues.

## command

flutter run

## exception

StateError: Bad state: No context with the running Dart application.

```
#0      RemoteDebuggerExecutionContext.id (package:dwds/src/debugging/execution_context.dart:47:7)
<asynchronous suspension>
#1      AppInspector._getExtensionRpcs (package:dwds/src/debugging/inspector.dart:486:20)
<asynchronous suspension>
#2      AppInspector._initialize (package:dwds/src/debugging/inspector.dart:93:34)
<asynchronous suspension>
#3      AppInspector.initialize (package:dwds/src/debugging/inspector.dart:156:5)
<asynchronous suspension>
#4      ChromeProxyService.createIsolate (package:dwds/src/services/chrome_proxy_service.dart:188:18)
<asynchronous suspension>
```

## flutter doctor

```
[✓] Flutter (Channel beta, 1.26.0-17.5.pre, on
    Microsoft Windows [Version 10.0.19042.804],
    locale en-IN)
    • Flutter version 1.26.0-17.5.pre at
      C:\src\flutter
    • Framework revision 1fe38dcb5f (4 days ago),
      2021-02-10 16:25:47 -0800
    • Engine revision d4453f6018
    • Dart version 2.12.0 (build 2.12.0-259.9.beta)

[!] Android toolchain - develop for Android devices
    (Android SDK version 30.0.3)
    • Android SDK at
      C:\Users\LEGION\AppData\Local\Android\sdk
    • Platform android-30, build-tools 30.0.3
    • Java binary at: E:\Android Studio\jre\bin\java
    • Java version OpenJDK Runtime Environment (build
      1.8.0_242-release-1644-b01)
    ✗ Android license status unknown.
      Run `flutter doctor --android-licenses` to
      accept the SDK licenses.
      See
      https://flutter.dev/docs/get-started/install/wi
      ndows#android-setup for more details.

[✗] Chrome - develop for the web (Cannot find Chrome
    executable at
    .\Google\Chrome\Application\chrome.exe)
    ! Cannot find Chrome. Try setting
      CHROME_EXECUTABLE to a Chrome executable.

[✓] Android Studio (version 4.1.0)
    • Android Studio at E:\Android Studio
    • Flutter plugin can be installed from:
      🔨
      https://plugins.jetbrains.com/plugin/9212-flutt
      er
    • Dart plugin can be installed from:
      🔨
      https://plugins.jetbrains.com/plugin/6351-dart
    • Java version OpenJDK Runtime Environment (build
      1.8.0_242-release-1644-b01)

[✓] VS Code (version 1.53.2)
    • VS Code at
      C:\Users\LEGION\AppData\Local\Programs\Microsof
      t VS Code
    • Flutter extension version 3.19.0

[✓] Connected device (1 available)
    • Edge (web) • edge • web-javascript • Microsoft
      Edge 88.0.705.68

! Doctor found issues in 2 categories.
```
